<?xml version="1.0" encoding="UTF-8"?>
<testng-results skipped="0" failed="0" ignored="0" total="2" passed="2">
  <reporter-output>
  </reporter-output>
  <suite name="Suite" duration-ms="73" started-at="2022-07-04T23:17:05 IST" finished-at="2022-07-04T23:17:05 IST">
    <groups>
    </groups>
    <test name="Test" duration-ms="73" started-at="2022-07-04T23:17:05 IST" finished-at="2022-07-04T23:17:05 IST">
      <class name="qatestproject.mavenjava.SeleniumTest">
        <test-method status="PASS" signature="browserUIAutomation()[pri:0, instance:qatestproject.mavenjava.SeleniumTest@694e1548]" name="browserUIAutomation" duration-ms="12" started-at="2022-07-04T23:17:05 IST" finished-at="2022-07-04T23:17:05 IST">
          <reporter-output>
          </reporter-output>
        </test-method> <!-- browserUIAutomation -->
        <test-method status="PASS" signature="elementsUI()[pri:0, instance:qatestproject.mavenjava.SeleniumTest@694e1548]" name="elementsUI" duration-ms="1" started-at="2022-07-04T23:17:05 IST" finished-at="2022-07-04T23:17:05 IST">
          <reporter-output>
          </reporter-output>
        </test-method> <!-- elementsUI -->
      </class> <!-- qatestproject.mavenjava.SeleniumTest -->
    </test> <!-- Test -->
  </suite> <!-- Suite -->
</testng-results>
